ui/extensions/immersive/build/intermediates/manifest_merge_blame_file/debug/manifest-merger-blame-debug-report.txt
1<?xml version="1.0" encoding="utf-8"?>
2<manifest xmlns:android="http://schemas.android.com/apk/res/android"
3    package="com.mars.ui.extensions.immersive" >
4
5    <uses-sdk
6        android:minSdkVersion="21"
6-->extensions/immersive/AndroidManifest.xml
7        android:targetSdkVersion="30" />
7-->extensions/immersive/AndroidManifest.xml
8
9    <uses-permission android:name="android.permission.VIBRATE" />
9-->extensions/immersive/AndroidManifest.xml:4:5-66
9-->extensions/immersive/AndroidManifest.xml:4:22-63
10
11</manifest>